<?xml version="1.0" encoding="UTF-8"?>
<!-- Generated by org.testng.reporters.JUnitReportReporter -->
<testsuite hostname="VINICIM102" failures="0" tests="1" name="scripts.InputDataValidation" time="19.153" errors="0" timestamp="2020-02-03T00:07:13 BRT" skipped="0">
  <testcase classname="scripts.InputDataValidation" name="test" time="19.153"/>
</testsuite> <!-- scripts.InputDataValidation -->
