<?xml version="1.0" encoding="UTF-8"?>
<!-- Generated by org.testng.reporters.JUnitReportReporter -->
<testsuite hostname="VINICIM102" failures="0" tests="1" name="scripts.BaseClass" time="7.152" errors="0" timestamp="2020-02-02T21:08:12 BRT" skipped="0">
  <testcase classname="scripts.BaseClass" name="test" time="7.152"/>
</testsuite> <!-- scripts.BaseClass -->
